<?xml version="1.0" encoding="UTF-8"?>
<!-- Generated by org.testng.reporters.JUnitXMLReporter -->
<testsuite hostname="DESKTOP-SKR045R" name="Default test" tests="3" failures="0" timestamp="19 Feb 2021 09:07:31 GMT" time="0.042" errors="0">
  <testcase name="SignUpbyEmail" time="0.014" classname="BatchTesting.SignUpTest"/>
  <testcase name="SignUpbyFacebook" time="0.003" classname="BatchTesting.SignUpTest"/>
  <testcase name="SignUpbyTwitter" time="0.001" classname="BatchTesting.SignUpTest"/>
</testsuite> <!-- Default test -->
