<?xml version="1.0" encoding="UTF-8"?>
<!-- Generated by org.testng.reporters.JUnitXMLReporter -->
<testsuite hostname="DESKTOP-SKR045R" name="Group test" tests="3" failures="0" timestamp="19 Feb 2021 13:34:56 GMT" time="0.043" errors="0">
  <testcase name="loginbyGmail" time="0.016" classname="Seleniumpractise.Selenium.GroupTest"/>
  <testcase name="loginbyHotmail" time="0.001" classname="Seleniumpractise.Selenium.GroupTest"/>
  <testcase name="loginbyTwitter" time="0.002" classname="Seleniumpractise.Selenium.GroupTest"/>
</testsuite> <!-- Group test -->
