<?xml version="1.0" encoding="UTF-8"?>
<!-- Generated by org.testng.reporters.JUnitXMLReporter -->
<testsuite hostname="DESKTOP-SKR045R" name="Functional testing" tests="3" failures="0" timestamp="19 Feb 2021 10:20:13 GMT" time="0.039" errors="0">
  <testcase name="PaymentReturnsbyank" time="0.015" classname="BatchTesting.PaymentReturns"/>
  <testcase name="paymentInDollar" time="0.001" classname="BatchTesting.PaymentTest"/>
  <testcase name="paymentInRS" time="0.002" classname="BatchTesting.PaymentTest"/>
</testsuite> <!-- Functional testing -->
