<?xml version="1.0" encoding="UTF-8"?>
<!-- Generated by org.testng.reporters.JUnitXMLReporter -->
<testsuite hostname="DESKTOP-SKR045R" name="sanity test" tests="6" failures="0" timestamp="25 Feb 2021 10:09:20 GMT" time="0.136" errors="0">
  <testcase name="loginbyEmail" time="0.043" classname="BatchTesting.LoginTest"/>
  <testcase name="loginbyFacebook" time="0.002" classname="BatchTesting.LoginTest"/>
  <testcase name="loginbyTwitter" time="0.011" classname="BatchTesting.LoginTest"/>
  <testcase name="SignUpbyEmail" time="0.002" classname="BatchTesting.SignUpTest"/>
  <testcase name="SignUpbyFacebook" time="0.002" classname="BatchTesting.SignUpTest"/>
  <testcase name="SignUpbyTwitter" time="0.001" classname="BatchTesting.SignUpTest"/>
</testsuite> <!-- sanity test -->
